<?xml version="1.0" encoding="UTF-8"?>
<testsuite name="com.hackathon.gateway.GatewayApplicationTests" tests="1" skipped="0" failures="0" errors="0" timestamp="2020-07-09T18:50:40" hostname="bigDaddy-System-Product-Name" time="0.195">
  <properties/>
  <testcase name="contextLoads()" classname="com.hackathon.gateway.GatewayApplicationTests" time="0.195"/>
  <system-out><![CDATA[13:50:38.272 [Test worker] DEBUG org.springframework.test.context.BootstrapUtils - Instantiating CacheAwareContextLoaderDelegate from class [org.springframework.test.context.cache.DefaultCacheAwareContextLoaderDelegate]
13:50:38.279 [Test worker] DEBUG org.springframework.test.context.BootstrapUtils - Instantiating BootstrapContext using constructor [public org.springframework.test.context.support.DefaultBootstrapContext(java.lang.Class,org.springframework.test.context.CacheAwareContextLoaderDelegate)]
13:50:38.296 [Test worker] DEBUG org.springframework.test.context.BootstrapUtils - Instantiating TestContextBootstrapper for test class [com.hackathon.gateway.GatewayApplicationTests] from class [org.springframework.boot.test.context.SpringBootTestContextBootstrapper]
13:50:38.304 [Test worker] INFO org.springframework.boot.test.context.SpringBootTestContextBootstrapper - Neither @ContextConfiguration nor @ContextHierarchy found for test class [com.hackathon.gateway.GatewayApplicationTests], using SpringBootContextLoader
13:50:38.307 [Test worker] DEBUG org.springframework.test.context.support.AbstractContextLoader - Did not detect default resource location for test class [com.hackathon.gateway.GatewayApplicationTests]: class path resource [com/hackathon/gateway/GatewayApplicationTests-context.xml] does not exist
13:50:38.307 [Test worker] DEBUG org.springframework.test.context.support.AbstractContextLoader - Did not detect default resource location for test class [com.hackathon.gateway.GatewayApplicationTests]: class path resource [com/hackathon/gateway/GatewayApplicationTestsContext.groovy] does not exist
13:50:38.307 [Test worker] INFO org.springframework.test.context.support.AbstractContextLoader - Could not detect default resource locations for test class [com.hackathon.gateway.GatewayApplicationTests]: no resource found for suffixes {-context.xml, Context.groovy}.
13:50:38.307 [Test worker] INFO org.springframework.test.context.support.AnnotationConfigContextLoaderUtils - Could not detect default configuration classes for test class [com.hackathon.gateway.GatewayApplicationTests]: GatewayApplicationTests does not declare any static, non-private, non-final, nested classes annotated with @Configuration.
13:50:38.329 [Test worker] DEBUG org.springframework.test.context.support.ActiveProfilesUtils - Could not find an 'annotation declaring class' for annotation type [org.springframework.test.context.ActiveProfiles] and class [com.hackathon.gateway.GatewayApplicationTests]
13:50:38.364 [Test worker] DEBUG org.springframework.context.annotation.ClassPathScanningCandidateComponentProvider - Identified candidate component class: file [/home/big-daddy/code/hackathon/gateway/build/classes/java/main/com/hackathon/gateway/GatewayApplication.class]
13:50:38.364 [Test worker] INFO org.springframework.boot.test.context.SpringBootTestContextBootstrapper - Found @SpringBootConfiguration com.hackathon.gateway.GatewayApplication for test class com.hackathon.gateway.GatewayApplicationTests
13:50:38.440 [Test worker] DEBUG org.springframework.boot.test.context.SpringBootTestContextBootstrapper - @TestExecutionListeners is not present for class [com.hackathon.gateway.GatewayApplicationTests]: using defaults.
13:50:38.440 [Test worker] INFO org.springframework.boot.test.context.SpringBootTestContextBootstrapper - Loaded default TestExecutionListener class names from location [META-INF/spring.factories]: [org.springframework.boot.test.autoconfigure.restdocs.RestDocsTestExecutionListener, org.springframework.boot.test.autoconfigure.web.client.MockRestServiceServerResetTestExecutionListener, org.springframework.boot.test.autoconfigure.web.servlet.MockMvcPrintOnlyOnFailureTestExecutionListener, org.springframework.boot.test.autoconfigure.web.servlet.WebDriverTestExecutionListener, org.springframework.boot.test.autoconfigure.webservices.client.MockWebServiceServerTestExecutionListener, org.springframework.boot.test.mock.mockito.MockitoTestExecutionListener, org.springframework.boot.test.mock.mockito.ResetMocksTestExecutionListener, org.springframework.test.context.web.ServletTestExecutionListener, org.springframework.test.context.support.DirtiesContextBeforeModesTestExecutionListener, org.springframework.test.context.support.DependencyInjectionTestExecutionListener, org.springframework.test.context.support.DirtiesContextTestExecutionListener, org.springframework.test.context.transaction.TransactionalTestExecutionListener, org.springframework.test.context.jdbc.SqlScriptsTestExecutionListener, org.springframework.test.context.event.EventPublishingTestExecutionListener]
13:50:38.448 [Test worker] INFO org.springframework.boot.test.context.SpringBootTestContextBootstrapper - Using TestExecutionListeners: [org.springframework.test.context.web.ServletTestExecutionListener@4b66f1a1, org.springframework.test.context.support.DirtiesContextBeforeModesTestExecutionListener@49659fac, org.springframework.boot.test.mock.mockito.MockitoTestExecutionListener@1808e624, org.springframework.boot.test.autoconfigure.SpringBootDependencyInjectionTestExecutionListener@29c9daf3, org.springframework.test.context.support.DirtiesContextTestExecutionListener@555ecd92, org.springframework.test.context.transaction.TransactionalTestExecutionListener@3023a06a, org.springframework.test.context.jdbc.SqlScriptsTestExecutionListener@6fc5498c, org.springframework.test.context.event.EventPublishingTestExecutionListener@8bc18c5, org.springframework.boot.test.autoconfigure.restdocs.RestDocsTestExecutionListener@2b2d761d, org.springframework.boot.test.autoconfigure.web.client.MockRestServiceServerResetTestExecutionListener@6a0b3e2, org.springframework.boot.test.autoconfigure.web.servlet.MockMvcPrintOnlyOnFailureTestExecutionListener@436c1393, org.springframework.boot.test.autoconfigure.web.servlet.WebDriverTestExecutionListener@2bfe510b, org.springframework.boot.test.autoconfigure.webservices.client.MockWebServiceServerTestExecutionListener@6ba347f7, org.springframework.boot.test.mock.mockito.ResetMocksTestExecutionListener@689fd6c2]
13:50:38.450 [Test worker] DEBUG org.springframework.test.context.support.AbstractDirtiesContextTestExecutionListener - Before test class: context [DefaultTestContext@4a5bff8 testClass = GatewayApplicationTests, testInstance = [null], testMethod = [null], testException = [null], mergedContextConfiguration = [WebMergedContextConfiguration@233a4ae7 testClass = GatewayApplicationTests, locations = '{}', classes = '{class com.hackathon.gateway.GatewayApplication}', contextInitializerClasses = '[]', activeProfiles = '{}', propertySourceLocations = '{}', propertySourceProperties = '{org.springframework.boot.test.context.SpringBootTestContextBootstrapper=true}', contextCustomizers = set[org.springframework.boot.test.autoconfigure.properties.PropertyMappingContextCustomizer@0, org.springframework.boot.test.autoconfigure.web.servlet.WebDriverContextCustomizerFactory$Customizer@22dfe3cd, org.springframework.boot.test.context.filter.ExcludeFilterContextCustomizer@73a85ee, org.springframework.boot.test.json.DuplicateJsonObjectContextCustomizerFactory$DuplicateJsonObjectContextCustomizer@78c48fd5, org.springframework.boot.test.mock.mockito.MockitoContextCustomizer@0, org.springframework.boot.test.web.client.TestRestTemplateContextCustomizer@4ef48e5, org.springframework.boot.test.context.SpringBootTestArgs@1], resourceBasePath = 'src/main/webapp', contextLoader = 'org.springframework.boot.test.context.SpringBootContextLoader', parent = [null]], attributes = map['org.springframework.test.context.web.ServletTestExecutionListener.activateListener' -> true]], class annotated with @DirtiesContext [false] with mode [null].
13:50:38.466 [Test worker] DEBUG org.springframework.test.context.support.TestPropertySourceUtils - Adding inlined properties to environment: {spring.jmx.enabled=false, org.springframework.boot.test.context.SpringBootTestContextBootstrapper=true}

  .   ____          _            __ _ _
 /\\ / ___'_ __ _ _(_)_ __  __ _ \ \ \ \
( ( )\___ | '_ | '_| | '_ \/ _` | \ \ \ \
 \\/  ___)| |_)| | | | | || (_| |  ) ) ) )
  '  |____| .__|_| |_|_| |_\__, | / / / /
 =========|_|==============|___/=/_/_/_/
 :: Spring Boot ::       (v2.4.0-SNAPSHOT)

2020-07-09 13:50:38.657  INFO 32008 --- [    Test worker] c.h.gateway.GatewayApplicationTests      : Starting GatewayApplicationTests using Java 11.0.7 on bigDaddy-System-Product-Name with PID 32008 (started by big-daddy in /home/big-daddy/code/hackathon/gateway)
2020-07-09 13:50:38.659  INFO 32008 --- [    Test worker] c.h.gateway.GatewayApplicationTests      : No active profile set, falling back to default profiles: default
2020-07-09 13:50:39.102  INFO 32008 --- [    Test worker] .s.d.r.c.RepositoryConfigurationDelegate : Multiple Spring Data modules found, entering strict repository configuration mode!
2020-07-09 13:50:39.104  INFO 32008 --- [    Test worker] .s.d.r.c.RepositoryConfigurationDelegate : Bootstrapping Spring Data Redis repositories in DEFAULT mode.
2020-07-09 13:50:39.118  INFO 32008 --- [    Test worker] .s.d.r.c.RepositoryConfigurationDelegate : Finished Spring Data repository scanning in 6 ms. Found 0 Redis repository interfaces.
2020-07-09 13:50:39.629  INFO 32008 --- [    Test worker] o.s.s.concurrent.ThreadPoolTaskExecutor  : Initializing ExecutorService 'applicationTaskExecutor'
2020-07-09 13:50:40.064  INFO 32008 --- [    Test worker] c.h.gateway.GatewayApplicationTests      : Started GatewayApplicationTests in 1.591 seconds (JVM running for 2.289)
]]></system-out>
  <system-err><![CDATA[]]></system-err>
</testsuite>
