<?xml version="1.0" encoding="UTF-8"?>
<testsuite name="com.hackathon.gateway.GatewayApplicationTests" tests="1" skipped="0" failures="0" errors="0" timestamp="2020-07-09T20:05:34" hostname="bigDaddy-System-Product-Name" time="0.172">
  <properties/>
  <testcase name="contextLoads()" classname="com.hackathon.gateway.GatewayApplicationTests" time="0.172"/>
  <system-out><![CDATA[15:05:33.149 [Test worker] DEBUG org.springframework.test.context.BootstrapUtils - Instantiating CacheAwareContextLoaderDelegate from class [org.springframework.test.context.cache.DefaultCacheAwareContextLoaderDelegate]
15:05:33.155 [Test worker] DEBUG org.springframework.test.context.BootstrapUtils - Instantiating BootstrapContext using constructor [public org.springframework.test.context.support.DefaultBootstrapContext(java.lang.Class,org.springframework.test.context.CacheAwareContextLoaderDelegate)]
15:05:33.171 [Test worker] DEBUG org.springframework.test.context.BootstrapUtils - Instantiating TestContextBootstrapper for test class [com.hackathon.gateway.GatewayApplicationTests] from class [org.springframework.boot.test.context.SpringBootTestContextBootstrapper]
15:05:33.179 [Test worker] INFO org.springframework.boot.test.context.SpringBootTestContextBootstrapper - Neither @ContextConfiguration nor @ContextHierarchy found for test class [com.hackathon.gateway.GatewayApplicationTests], using SpringBootContextLoader
15:05:33.181 [Test worker] DEBUG org.springframework.test.context.support.AbstractContextLoader - Did not detect default resource location for test class [com.hackathon.gateway.GatewayApplicationTests]: class path resource [com/hackathon/gateway/GatewayApplicationTests-context.xml] does not exist
15:05:33.181 [Test worker] DEBUG org.springframework.test.context.support.AbstractContextLoader - Did not detect default resource location for test class [com.hackathon.gateway.GatewayApplicationTests]: class path resource [com/hackathon/gateway/GatewayApplicationTestsContext.groovy] does not exist
15:05:33.181 [Test worker] INFO org.springframework.test.context.support.AbstractContextLoader - Could not detect default resource locations for test class [com.hackathon.gateway.GatewayApplicationTests]: no resource found for suffixes {-context.xml, Context.groovy}.
15:05:33.182 [Test worker] INFO org.springframework.test.context.support.AnnotationConfigContextLoaderUtils - Could not detect default configuration classes for test class [com.hackathon.gateway.GatewayApplicationTests]: GatewayApplicationTests does not declare any static, non-private, non-final, nested classes annotated with @Configuration.
15:05:33.204 [Test worker] DEBUG org.springframework.test.context.support.ActiveProfilesUtils - Could not find an 'annotation declaring class' for annotation type [org.springframework.test.context.ActiveProfiles] and class [com.hackathon.gateway.GatewayApplicationTests]
15:05:33.234 [Test worker] DEBUG org.springframework.context.annotation.ClassPathScanningCandidateComponentProvider - Identified candidate component class: file [/home/big-daddy/code/hackathon/gateway/build/classes/java/main/com/hackathon/gateway/GatewayApplication.class]
15:05:33.234 [Test worker] INFO org.springframework.boot.test.context.SpringBootTestContextBootstrapper - Found @SpringBootConfiguration com.hackathon.gateway.GatewayApplication for test class com.hackathon.gateway.GatewayApplicationTests
15:05:33.283 [Test worker] DEBUG org.springframework.boot.test.context.SpringBootTestContextBootstrapper - @TestExecutionListeners is not present for class [com.hackathon.gateway.GatewayApplicationTests]: using defaults.
15:05:33.283 [Test worker] INFO org.springframework.boot.test.context.SpringBootTestContextBootstrapper - Loaded default TestExecutionListener class names from location [META-INF/spring.factories]: [org.springframework.boot.test.autoconfigure.restdocs.RestDocsTestExecutionListener, org.springframework.boot.test.autoconfigure.web.client.MockRestServiceServerResetTestExecutionListener, org.springframework.boot.test.autoconfigure.web.servlet.MockMvcPrintOnlyOnFailureTestExecutionListener, org.springframework.boot.test.autoconfigure.web.servlet.WebDriverTestExecutionListener, org.springframework.boot.test.autoconfigure.webservices.client.MockWebServiceServerTestExecutionListener, org.springframework.boot.test.mock.mockito.MockitoTestExecutionListener, org.springframework.boot.test.mock.mockito.ResetMocksTestExecutionListener, org.springframework.test.context.web.ServletTestExecutionListener, org.springframework.test.context.support.DirtiesContextBeforeModesTestExecutionListener, org.springframework.test.context.support.DependencyInjectionTestExecutionListener, org.springframework.test.context.support.DirtiesContextTestExecutionListener, org.springframework.test.context.transaction.TransactionalTestExecutionListener, org.springframework.test.context.jdbc.SqlScriptsTestExecutionListener, org.springframework.test.context.event.EventPublishingTestExecutionListener]
15:05:33.291 [Test worker] INFO org.springframework.boot.test.context.SpringBootTestContextBootstrapper - Using TestExecutionListeners: [org.springframework.test.context.web.ServletTestExecutionListener@31b46911, org.springframework.test.context.support.DirtiesContextBeforeModesTestExecutionListener@618ab791, org.springframework.boot.test.mock.mockito.MockitoTestExecutionListener@14e09b7b, org.springframework.boot.test.autoconfigure.SpringBootDependencyInjectionTestExecutionListener@78148d0d, org.springframework.test.context.support.DirtiesContextTestExecutionListener@6afa9fff, org.springframework.test.context.transaction.TransactionalTestExecutionListener@5e789b0e, org.springframework.test.context.jdbc.SqlScriptsTestExecutionListener@4ed3f8f9, org.springframework.test.context.event.EventPublishingTestExecutionListener@127368cb, org.springframework.boot.test.autoconfigure.restdocs.RestDocsTestExecutionListener@2cc8181d, org.springframework.boot.test.autoconfigure.web.client.MockRestServiceServerResetTestExecutionListener@36725661, org.springframework.boot.test.autoconfigure.web.servlet.MockMvcPrintOnlyOnFailureTestExecutionListener@67b77466, org.springframework.boot.test.autoconfigure.web.servlet.WebDriverTestExecutionListener@6e8b6d6b, org.springframework.boot.test.autoconfigure.webservices.client.MockWebServiceServerTestExecutionListener@2ef8857, org.springframework.boot.test.mock.mockito.ResetMocksTestExecutionListener@268a0735]
15:05:33.293 [Test worker] DEBUG org.springframework.test.context.support.AbstractDirtiesContextTestExecutionListener - Before test class: context [DefaultTestContext@1ecd7843 testClass = GatewayApplicationTests, testInstance = [null], testMethod = [null], testException = [null], mergedContextConfiguration = [WebMergedContextConfiguration@69c23d42 testClass = GatewayApplicationTests, locations = '{}', classes = '{class com.hackathon.gateway.GatewayApplication}', contextInitializerClasses = '[]', activeProfiles = '{}', propertySourceLocations = '{}', propertySourceProperties = '{org.springframework.boot.test.context.SpringBootTestContextBootstrapper=true}', contextCustomizers = set[org.springframework.boot.test.autoconfigure.properties.PropertyMappingContextCustomizer@0, org.springframework.boot.test.autoconfigure.web.servlet.WebDriverContextCustomizerFactory$Customizer@10908cb3, org.springframework.boot.test.context.filter.ExcludeFilterContextCustomizer@4beb5b82, org.springframework.boot.test.json.DuplicateJsonObjectContextCustomizerFactory$DuplicateJsonObjectContextCustomizer@3a5839d0, org.springframework.boot.test.mock.mockito.MockitoContextCustomizer@0, org.springframework.boot.test.web.client.TestRestTemplateContextCustomizer@89f3530, org.springframework.boot.test.context.SpringBootTestArgs@1], resourceBasePath = 'src/main/webapp', contextLoader = 'org.springframework.boot.test.context.SpringBootContextLoader', parent = [null]], attributes = map['org.springframework.test.context.web.ServletTestExecutionListener.activateListener' -> true]], class annotated with @DirtiesContext [false] with mode [null].
15:05:33.308 [Test worker] DEBUG org.springframework.test.context.support.TestPropertySourceUtils - Adding inlined properties to environment: {spring.jmx.enabled=false, org.springframework.boot.test.context.SpringBootTestContextBootstrapper=true}

  .   ____          _            __ _ _
 /\\ / ___'_ __ _ _(_)_ __  __ _ \ \ \ \
( ( )\___ | '_ | '_| | '_ \/ _` | \ \ \ \
 \\/  ___)| |_)| | | | | || (_| |  ) ) ) )
  '  |____| .__|_| |_|_| |_\__, | / / / /
 =========|_|==============|___/=/_/_/_/
 :: Spring Boot ::       (v2.4.0-SNAPSHOT)

2020-07-09 15:05:33.483  INFO 16737 --- [    Test worker] c.h.gateway.GatewayApplicationTests      : Starting GatewayApplicationTests using Java 11.0.7 on bigDaddy-System-Product-Name with PID 16737 (started by big-daddy in /home/big-daddy/code/hackathon/gateway)
2020-07-09 15:05:33.485  INFO 16737 --- [    Test worker] c.h.gateway.GatewayApplicationTests      : No active profile set, falling back to default profiles: default
2020-07-09 15:05:33.901  INFO 16737 --- [    Test worker] .s.d.r.c.RepositoryConfigurationDelegate : Multiple Spring Data modules found, entering strict repository configuration mode!
2020-07-09 15:05:33.910  INFO 16737 --- [    Test worker] .s.d.r.c.RepositoryConfigurationDelegate : Bootstrapping Spring Data Redis repositories in DEFAULT mode.
2020-07-09 15:05:33.927  INFO 16737 --- [    Test worker] .s.d.r.c.RepositoryConfigurationDelegate : Finished Spring Data repository scanning in 8 ms. Found 0 Redis repository interfaces.
2020-07-09 15:05:34.397  INFO 16737 --- [    Test worker] o.s.s.concurrent.ThreadPoolTaskExecutor  : Initializing ExecutorService 'applicationTaskExecutor'
2020-07-09 15:05:34.848  INFO 16737 --- [    Test worker] c.h.gateway.GatewayApplicationTests      : Started GatewayApplicationTests in 1.535 seconds (JVM running for 2.169)
]]></system-out>
  <system-err><![CDATA[]]></system-err>
</testsuite>
