<?xml version="1.0" encoding="UTF-8"?>
<testsuite name="com.hackathon.gateway.GatewayApplicationTests" tests="1" skipped="0" failures="0" errors="0" timestamp="2020-07-10T04:28:31" hostname="bigDaddy-System-Product-Name" time="0.204">
  <properties/>
  <testcase name="contextLoads()" classname="com.hackathon.gateway.GatewayApplicationTests" time="0.204"/>
  <system-out><![CDATA[23:28:29.612 [Test worker] DEBUG org.springframework.test.context.BootstrapUtils - Instantiating CacheAwareContextLoaderDelegate from class [org.springframework.test.context.cache.DefaultCacheAwareContextLoaderDelegate]
23:28:29.620 [Test worker] DEBUG org.springframework.test.context.BootstrapUtils - Instantiating BootstrapContext using constructor [public org.springframework.test.context.support.DefaultBootstrapContext(java.lang.Class,org.springframework.test.context.CacheAwareContextLoaderDelegate)]
23:28:29.637 [Test worker] DEBUG org.springframework.test.context.BootstrapUtils - Instantiating TestContextBootstrapper for test class [com.hackathon.gateway.GatewayApplicationTests] from class [org.springframework.boot.test.context.SpringBootTestContextBootstrapper]
23:28:29.646 [Test worker] INFO org.springframework.boot.test.context.SpringBootTestContextBootstrapper - Neither @ContextConfiguration nor @ContextHierarchy found for test class [com.hackathon.gateway.GatewayApplicationTests], using SpringBootContextLoader
23:28:29.648 [Test worker] DEBUG org.springframework.test.context.support.AbstractContextLoader - Did not detect default resource location for test class [com.hackathon.gateway.GatewayApplicationTests]: class path resource [com/hackathon/gateway/GatewayApplicationTests-context.xml] does not exist
23:28:29.649 [Test worker] DEBUG org.springframework.test.context.support.AbstractContextLoader - Did not detect default resource location for test class [com.hackathon.gateway.GatewayApplicationTests]: class path resource [com/hackathon/gateway/GatewayApplicationTestsContext.groovy] does not exist
23:28:29.649 [Test worker] INFO org.springframework.test.context.support.AbstractContextLoader - Could not detect default resource locations for test class [com.hackathon.gateway.GatewayApplicationTests]: no resource found for suffixes {-context.xml, Context.groovy}.
23:28:29.649 [Test worker] INFO org.springframework.test.context.support.AnnotationConfigContextLoaderUtils - Could not detect default configuration classes for test class [com.hackathon.gateway.GatewayApplicationTests]: GatewayApplicationTests does not declare any static, non-private, non-final, nested classes annotated with @Configuration.
23:28:29.676 [Test worker] DEBUG org.springframework.test.context.support.ActiveProfilesUtils - Could not find an 'annotation declaring class' for annotation type [org.springframework.test.context.ActiveProfiles] and class [com.hackathon.gateway.GatewayApplicationTests]
23:28:29.714 [Test worker] DEBUG org.springframework.context.annotation.ClassPathScanningCandidateComponentProvider - Identified candidate component class: file [/home/big-daddy/code/hackathon/gateway/build/classes/java/main/com/hackathon/gateway/GatewayApplication.class]
23:28:29.715 [Test worker] INFO org.springframework.boot.test.context.SpringBootTestContextBootstrapper - Found @SpringBootConfiguration com.hackathon.gateway.GatewayApplication for test class com.hackathon.gateway.GatewayApplicationTests
23:28:29.771 [Test worker] DEBUG org.springframework.boot.test.context.SpringBootTestContextBootstrapper - @TestExecutionListeners is not present for class [com.hackathon.gateway.GatewayApplicationTests]: using defaults.
23:28:29.772 [Test worker] INFO org.springframework.boot.test.context.SpringBootTestContextBootstrapper - Loaded default TestExecutionListener class names from location [META-INF/spring.factories]: [org.springframework.boot.test.autoconfigure.restdocs.RestDocsTestExecutionListener, org.springframework.boot.test.autoconfigure.web.client.MockRestServiceServerResetTestExecutionListener, org.springframework.boot.test.autoconfigure.web.servlet.MockMvcPrintOnlyOnFailureTestExecutionListener, org.springframework.boot.test.autoconfigure.web.servlet.WebDriverTestExecutionListener, org.springframework.boot.test.autoconfigure.webservices.client.MockWebServiceServerTestExecutionListener, org.springframework.boot.test.mock.mockito.MockitoTestExecutionListener, org.springframework.boot.test.mock.mockito.ResetMocksTestExecutionListener, org.springframework.test.context.web.ServletTestExecutionListener, org.springframework.test.context.support.DirtiesContextBeforeModesTestExecutionListener, org.springframework.test.context.support.DependencyInjectionTestExecutionListener, org.springframework.test.context.support.DirtiesContextTestExecutionListener, org.springframework.test.context.transaction.TransactionalTestExecutionListener, org.springframework.test.context.jdbc.SqlScriptsTestExecutionListener, org.springframework.test.context.event.EventPublishingTestExecutionListener]
23:28:29.780 [Test worker] INFO org.springframework.boot.test.context.SpringBootTestContextBootstrapper - Using TestExecutionListeners: [org.springframework.test.context.web.ServletTestExecutionListener@5de24e29, org.springframework.test.context.support.DirtiesContextBeforeModesTestExecutionListener@35371998, org.springframework.boot.test.mock.mockito.MockitoTestExecutionListener@3aa5c482, org.springframework.boot.test.autoconfigure.SpringBootDependencyInjectionTestExecutionListener@788c60eb, org.springframework.test.context.support.DirtiesContextTestExecutionListener@37d0ead5, org.springframework.test.context.transaction.TransactionalTestExecutionListener@3aa6ce6e, org.springframework.test.context.jdbc.SqlScriptsTestExecutionListener@2eb38c6c, org.springframework.test.context.event.EventPublishingTestExecutionListener@35a33a69, org.springframework.boot.test.autoconfigure.restdocs.RestDocsTestExecutionListener@595e84a, org.springframework.boot.test.autoconfigure.web.client.MockRestServiceServerResetTestExecutionListener@9cc8328, org.springframework.boot.test.autoconfigure.web.servlet.MockMvcPrintOnlyOnFailureTestExecutionListener@3baeae91, org.springframework.boot.test.autoconfigure.web.servlet.WebDriverTestExecutionListener@1772abff, org.springframework.boot.test.autoconfigure.webservices.client.MockWebServiceServerTestExecutionListener@3d0fd6e3, org.springframework.boot.test.mock.mockito.ResetMocksTestExecutionListener@5037c7a9]
23:28:29.783 [Test worker] DEBUG org.springframework.test.context.support.AbstractDirtiesContextTestExecutionListener - Before test class: context [DefaultTestContext@439874ef testClass = GatewayApplicationTests, testInstance = [null], testMethod = [null], testException = [null], mergedContextConfiguration = [WebMergedContextConfiguration@205ed597 testClass = GatewayApplicationTests, locations = '{}', classes = '{class com.hackathon.gateway.GatewayApplication}', contextInitializerClasses = '[]', activeProfiles = '{}', propertySourceLocations = '{}', propertySourceProperties = '{org.springframework.boot.test.context.SpringBootTestContextBootstrapper=true}', contextCustomizers = set[org.springframework.boot.test.autoconfigure.properties.PropertyMappingContextCustomizer@0, org.springframework.boot.test.autoconfigure.web.servlet.WebDriverContextCustomizerFactory$Customizer@57e0cc31, org.springframework.boot.test.context.filter.ExcludeFilterContextCustomizer@7ddf0476, org.springframework.boot.test.json.DuplicateJsonObjectContextCustomizerFactory$DuplicateJsonObjectContextCustomizer@3020a8ee, org.springframework.boot.test.mock.mockito.MockitoContextCustomizer@0, org.springframework.boot.test.web.client.TestRestTemplateContextCustomizer@43a58d56, org.springframework.boot.test.context.SpringBootTestArgs@1], resourceBasePath = 'src/main/webapp', contextLoader = 'org.springframework.boot.test.context.SpringBootContextLoader', parent = [null]], attributes = map['org.springframework.test.context.web.ServletTestExecutionListener.activateListener' -> true]], class annotated with @DirtiesContext [false] with mode [null].
23:28:29.800 [Test worker] DEBUG org.springframework.test.context.support.TestPropertySourceUtils - Adding inlined properties to environment: {spring.jmx.enabled=false, org.springframework.boot.test.context.SpringBootTestContextBootstrapper=true}

  .   ____          _            __ _ _
 /\\ / ___'_ __ _ _(_)_ __  __ _ \ \ \ \
( ( )\___ | '_ | '_| | '_ \/ _` | \ \ \ \
 \\/  ___)| |_)| | | | | || (_| |  ) ) ) )
  '  |____| .__|_| |_|_| |_\__, | / / / /
 =========|_|==============|___/=/_/_/_/
 :: Spring Boot ::       (v2.4.0-SNAPSHOT)

2020-07-09 23:28:29.988  INFO 9511 --- [    Test worker] c.h.gateway.GatewayApplicationTests      : Starting GatewayApplicationTests using Java 11.0.7 on bigDaddy-System-Product-Name with PID 9511 (started by big-daddy in /home/big-daddy/code/hackathon/gateway)
2020-07-09 23:28:29.990  INFO 9511 --- [    Test worker] c.h.gateway.GatewayApplicationTests      : No active profile set, falling back to default profiles: default
2020-07-09 23:28:30.460  INFO 9511 --- [    Test worker] .s.d.r.c.RepositoryConfigurationDelegate : Multiple Spring Data modules found, entering strict repository configuration mode!
2020-07-09 23:28:30.462  INFO 9511 --- [    Test worker] .s.d.r.c.RepositoryConfigurationDelegate : Bootstrapping Spring Data Redis repositories in DEFAULT mode.
2020-07-09 23:28:30.487  INFO 9511 --- [    Test worker] .s.d.r.c.RepositoryConfigurationDelegate : Finished Spring Data repository scanning in 17 ms. Found 0 Redis repository interfaces.
2020-07-09 23:28:31.004  INFO 9511 --- [    Test worker] o.s.s.concurrent.ThreadPoolTaskExecutor  : Initializing ExecutorService 'applicationTaskExecutor'
2020-07-09 23:28:31.533  INFO 9511 --- [    Test worker] c.h.gateway.GatewayApplicationTests      : Started GatewayApplicationTests in 1.726 seconds (JVM running for 2.424)
]]></system-out>
  <system-err><![CDATA[]]></system-err>
</testsuite>
