<?xml version="1.0" encoding="UTF-8"?>
<testsuite name="com.hackathon.gateway.GatewayApplicationTests" tests="1" skipped="0" failures="0" errors="0" timestamp="2020-07-09T22:44:26" hostname="bigDaddy-System-Product-Name" time="0.163">
  <properties/>
  <testcase name="contextLoads()" classname="com.hackathon.gateway.GatewayApplicationTests" time="0.163"/>
  <system-out><![CDATA[17:44:24.863 [Test worker] DEBUG org.springframework.test.context.BootstrapUtils - Instantiating CacheAwareContextLoaderDelegate from class [org.springframework.test.context.cache.DefaultCacheAwareContextLoaderDelegate]
17:44:24.871 [Test worker] DEBUG org.springframework.test.context.BootstrapUtils - Instantiating BootstrapContext using constructor [public org.springframework.test.context.support.DefaultBootstrapContext(java.lang.Class,org.springframework.test.context.CacheAwareContextLoaderDelegate)]
17:44:24.898 [Test worker] DEBUG org.springframework.test.context.BootstrapUtils - Instantiating TestContextBootstrapper for test class [com.hackathon.gateway.GatewayApplicationTests] from class [org.springframework.boot.test.context.SpringBootTestContextBootstrapper]
17:44:24.906 [Test worker] INFO org.springframework.boot.test.context.SpringBootTestContextBootstrapper - Neither @ContextConfiguration nor @ContextHierarchy found for test class [com.hackathon.gateway.GatewayApplicationTests], using SpringBootContextLoader
17:44:24.908 [Test worker] DEBUG org.springframework.test.context.support.AbstractContextLoader - Did not detect default resource location for test class [com.hackathon.gateway.GatewayApplicationTests]: class path resource [com/hackathon/gateway/GatewayApplicationTests-context.xml] does not exist
17:44:24.909 [Test worker] DEBUG org.springframework.test.context.support.AbstractContextLoader - Did not detect default resource location for test class [com.hackathon.gateway.GatewayApplicationTests]: class path resource [com/hackathon/gateway/GatewayApplicationTestsContext.groovy] does not exist
17:44:24.909 [Test worker] INFO org.springframework.test.context.support.AbstractContextLoader - Could not detect default resource locations for test class [com.hackathon.gateway.GatewayApplicationTests]: no resource found for suffixes {-context.xml, Context.groovy}.
17:44:24.909 [Test worker] INFO org.springframework.test.context.support.AnnotationConfigContextLoaderUtils - Could not detect default configuration classes for test class [com.hackathon.gateway.GatewayApplicationTests]: GatewayApplicationTests does not declare any static, non-private, non-final, nested classes annotated with @Configuration.
17:44:24.937 [Test worker] DEBUG org.springframework.test.context.support.ActiveProfilesUtils - Could not find an 'annotation declaring class' for annotation type [org.springframework.test.context.ActiveProfiles] and class [com.hackathon.gateway.GatewayApplicationTests]
17:44:24.966 [Test worker] DEBUG org.springframework.context.annotation.ClassPathScanningCandidateComponentProvider - Identified candidate component class: file [/home/big-daddy/code/hackathon/gateway/build/classes/java/main/com/hackathon/gateway/GatewayApplication.class]
17:44:24.967 [Test worker] INFO org.springframework.boot.test.context.SpringBootTestContextBootstrapper - Found @SpringBootConfiguration com.hackathon.gateway.GatewayApplication for test class com.hackathon.gateway.GatewayApplicationTests
17:44:25.017 [Test worker] DEBUG org.springframework.boot.test.context.SpringBootTestContextBootstrapper - @TestExecutionListeners is not present for class [com.hackathon.gateway.GatewayApplicationTests]: using defaults.
17:44:25.017 [Test worker] INFO org.springframework.boot.test.context.SpringBootTestContextBootstrapper - Loaded default TestExecutionListener class names from location [META-INF/spring.factories]: [org.springframework.boot.test.autoconfigure.restdocs.RestDocsTestExecutionListener, org.springframework.boot.test.autoconfigure.web.client.MockRestServiceServerResetTestExecutionListener, org.springframework.boot.test.autoconfigure.web.servlet.MockMvcPrintOnlyOnFailureTestExecutionListener, org.springframework.boot.test.autoconfigure.web.servlet.WebDriverTestExecutionListener, org.springframework.boot.test.autoconfigure.webservices.client.MockWebServiceServerTestExecutionListener, org.springframework.boot.test.mock.mockito.MockitoTestExecutionListener, org.springframework.boot.test.mock.mockito.ResetMocksTestExecutionListener, org.springframework.test.context.web.ServletTestExecutionListener, org.springframework.test.context.support.DirtiesContextBeforeModesTestExecutionListener, org.springframework.test.context.support.DependencyInjectionTestExecutionListener, org.springframework.test.context.support.DirtiesContextTestExecutionListener, org.springframework.test.context.transaction.TransactionalTestExecutionListener, org.springframework.test.context.jdbc.SqlScriptsTestExecutionListener, org.springframework.test.context.event.EventPublishingTestExecutionListener]
17:44:25.025 [Test worker] INFO org.springframework.boot.test.context.SpringBootTestContextBootstrapper - Using TestExecutionListeners: [org.springframework.test.context.web.ServletTestExecutionListener@7ebaa16b, org.springframework.test.context.support.DirtiesContextBeforeModesTestExecutionListener@4f2f5894, org.springframework.boot.test.mock.mockito.MockitoTestExecutionListener@ceadead, org.springframework.boot.test.autoconfigure.SpringBootDependencyInjectionTestExecutionListener@67c87466, org.springframework.test.context.support.DirtiesContextTestExecutionListener@4c52200d, org.springframework.test.context.transaction.TransactionalTestExecutionListener@798c2aeb, org.springframework.test.context.jdbc.SqlScriptsTestExecutionListener@23499cc1, org.springframework.test.context.event.EventPublishingTestExecutionListener@786b78a, org.springframework.boot.test.autoconfigure.restdocs.RestDocsTestExecutionListener@5a89bd3f, org.springframework.boot.test.autoconfigure.web.client.MockRestServiceServerResetTestExecutionListener@42ca0ff7, org.springframework.boot.test.autoconfigure.web.servlet.MockMvcPrintOnlyOnFailureTestExecutionListener@2d0a3cfb, org.springframework.boot.test.autoconfigure.web.servlet.WebDriverTestExecutionListener@1f82e437, org.springframework.boot.test.autoconfigure.webservices.client.MockWebServiceServerTestExecutionListener@875d2bd, org.springframework.boot.test.mock.mockito.ResetMocksTestExecutionListener@1ad2d1f3]
17:44:25.027 [Test worker] DEBUG org.springframework.test.context.support.AbstractDirtiesContextTestExecutionListener - Before test class: context [DefaultTestContext@5b9144c4 testClass = GatewayApplicationTests, testInstance = [null], testMethod = [null], testException = [null], mergedContextConfiguration = [WebMergedContextConfiguration@445824e2 testClass = GatewayApplicationTests, locations = '{}', classes = '{class com.hackathon.gateway.GatewayApplication}', contextInitializerClasses = '[]', activeProfiles = '{}', propertySourceLocations = '{}', propertySourceProperties = '{org.springframework.boot.test.context.SpringBootTestContextBootstrapper=true}', contextCustomizers = set[org.springframework.boot.test.autoconfigure.properties.PropertyMappingContextCustomizer@0, org.springframework.boot.test.autoconfigure.web.servlet.WebDriverContextCustomizerFactory$Customizer@41c7bedf, org.springframework.boot.test.context.filter.ExcludeFilterContextCustomizer@3ed512b8, org.springframework.boot.test.json.DuplicateJsonObjectContextCustomizerFactory$DuplicateJsonObjectContextCustomizer@37817064, org.springframework.boot.test.mock.mockito.MockitoContextCustomizer@0, org.springframework.boot.test.web.client.TestRestTemplateContextCustomizer@44914200, org.springframework.boot.test.context.SpringBootTestArgs@1], resourceBasePath = 'src/main/webapp', contextLoader = 'org.springframework.boot.test.context.SpringBootContextLoader', parent = [null]], attributes = map['org.springframework.test.context.web.ServletTestExecutionListener.activateListener' -> true]], class annotated with @DirtiesContext [false] with mode [null].
17:44:25.049 [Test worker] DEBUG org.springframework.test.context.support.TestPropertySourceUtils - Adding inlined properties to environment: {spring.jmx.enabled=false, org.springframework.boot.test.context.SpringBootTestContextBootstrapper=true}

  .   ____          _            __ _ _
 /\\ / ___'_ __ _ _(_)_ __  __ _ \ \ \ \
( ( )\___ | '_ | '_| | '_ \/ _` | \ \ \ \
 \\/  ___)| |_)| | | | | || (_| |  ) ) ) )
  '  |____| .__|_| |_|_| |_\__, | / / / /
 =========|_|==============|___/=/_/_/_/
 :: Spring Boot ::       (v2.4.0-SNAPSHOT)

2020-07-09 17:44:25.219  INFO 22803 --- [    Test worker] c.h.gateway.GatewayApplicationTests      : Starting GatewayApplicationTests using Java 11.0.7 on bigDaddy-System-Product-Name with PID 22803 (started by big-daddy in /home/big-daddy/code/hackathon/gateway)
2020-07-09 17:44:25.220  INFO 22803 --- [    Test worker] c.h.gateway.GatewayApplicationTests      : No active profile set, falling back to default profiles: default
2020-07-09 17:44:25.656  INFO 22803 --- [    Test worker] .s.d.r.c.RepositoryConfigurationDelegate : Multiple Spring Data modules found, entering strict repository configuration mode!
2020-07-09 17:44:25.657  INFO 22803 --- [    Test worker] .s.d.r.c.RepositoryConfigurationDelegate : Bootstrapping Spring Data Redis repositories in DEFAULT mode.
2020-07-09 17:44:25.672  INFO 22803 --- [    Test worker] .s.d.r.c.RepositoryConfigurationDelegate : Finished Spring Data repository scanning in 7 ms. Found 0 Redis repository interfaces.
2020-07-09 17:44:26.203  INFO 22803 --- [    Test worker] o.s.s.concurrent.ThreadPoolTaskExecutor  : Initializing ExecutorService 'applicationTaskExecutor'
2020-07-09 17:44:26.617  INFO 22803 --- [    Test worker] c.h.gateway.GatewayApplicationTests      : Started GatewayApplicationTests in 1.562 seconds (JVM running for 2.222)
]]></system-out>
  <system-err><![CDATA[]]></system-err>
</testsuite>
